<?xml version="1.0" encoding="UTF-8"?>
<testsuite name="alex.app.rest.validation.NumberValidatorTest" tests="4" skipped="0" failures="0" errors="0" timestamp="2020-10-30T09:36:15" hostname="Alex-PC" time="0.228">
  <properties/>
  <testcase name="testIsValueNotProvided" classname="alex.app.rest.validation.NumberValidatorTest" time="0.222"/>
  <testcase name="isNumberStartsWithPlusOrDoubleZero" classname="alex.app.rest.validation.NumberValidatorTest" time="0.002"/>
  <testcase name="isNumberContainsOnlyDigits" classname="alex.app.rest.validation.NumberValidatorTest" time="0.001"/>
  <testcase name="testIsValueProvided" classname="alex.app.rest.validation.NumberValidatorTest" time="0.002"/>
  <system-out><![CDATA[11:36:15.862 [Test worker] DEBUG org.springframework.test.util.ReflectionTestUtils - Setting field 'notProvidedValidationMessage' of type [null] on target object [alex.app.rest.validation.NumberValidator@627e42d5] or target class [class alex.app.rest.validation.NumberValidator] to value [Value must be provided]
11:36:15.868 [Test worker] DEBUG org.springframework.test.util.ReflectionTestUtils - Setting field 'numberPrefixIsInvalidMessage' of type [null] on target object [alex.app.rest.validation.NumberValidator@627e42d5] or target class [class alex.app.rest.validation.NumberValidator] to value [The number must starts with "+" or 00]
11:36:15.868 [Test worker] DEBUG org.springframework.test.util.ReflectionTestUtils - Setting field 'onlyDigitsMessage' of type [null] on target object [alex.app.rest.validation.NumberValidator@627e42d5] or target class [class alex.app.rest.validation.NumberValidator] to value [The number must contain only digits]
11:36:15.881 [Test worker] DEBUG org.springframework.test.util.ReflectionTestUtils - Setting field 'notProvidedValidationMessage' of type [null] on target object [alex.app.rest.validation.NumberValidator@6725f3b8] or target class [class alex.app.rest.validation.NumberValidator] to value [Value must be provided]
11:36:15.881 [Test worker] DEBUG org.springframework.test.util.ReflectionTestUtils - Setting field 'numberPrefixIsInvalidMessage' of type [null] on target object [alex.app.rest.validation.NumberValidator@6725f3b8] or target class [class alex.app.rest.validation.NumberValidator] to value [The number must starts with "+" or 00]
11:36:15.882 [Test worker] DEBUG org.springframework.test.util.ReflectionTestUtils - Setting field 'onlyDigitsMessage' of type [null] on target object [alex.app.rest.validation.NumberValidator@6725f3b8] or target class [class alex.app.rest.validation.NumberValidator] to value [The number must contain only digits]
11:36:15.884 [Test worker] DEBUG org.springframework.test.util.ReflectionTestUtils - Setting field 'notProvidedValidationMessage' of type [null] on target object [alex.app.rest.validation.NumberValidator@7dc962a4] or target class [class alex.app.rest.validation.NumberValidator] to value [Value must be provided]
11:36:15.884 [Test worker] DEBUG org.springframework.test.util.ReflectionTestUtils - Setting field 'numberPrefixIsInvalidMessage' of type [null] on target object [alex.app.rest.validation.NumberValidator@7dc962a4] or target class [class alex.app.rest.validation.NumberValidator] to value [The number must starts with "+" or 00]
11:36:15.884 [Test worker] DEBUG org.springframework.test.util.ReflectionTestUtils - Setting field 'onlyDigitsMessage' of type [null] on target object [alex.app.rest.validation.NumberValidator@7dc962a4] or target class [class alex.app.rest.validation.NumberValidator] to value [The number must contain only digits]
11:36:15.885 [Test worker] DEBUG org.springframework.test.util.ReflectionTestUtils - Setting field 'notProvidedValidationMessage' of type [null] on target object [alex.app.rest.validation.NumberValidator@317e2d8e] or target class [class alex.app.rest.validation.NumberValidator] to value [Value must be provided]
11:36:15.886 [Test worker] DEBUG org.springframework.test.util.ReflectionTestUtils - Setting field 'numberPrefixIsInvalidMessage' of type [null] on target object [alex.app.rest.validation.NumberValidator@317e2d8e] or target class [class alex.app.rest.validation.NumberValidator] to value [The number must starts with "+" or 00]
11:36:15.886 [Test worker] DEBUG org.springframework.test.util.ReflectionTestUtils - Setting field 'onlyDigitsMessage' of type [null] on target object [alex.app.rest.validation.NumberValidator@317e2d8e] or target class [class alex.app.rest.validation.NumberValidator] to value [The number must contain only digits]
]]></system-out>
  <system-err><![CDATA[]]></system-err>
</testsuite>
