<?xml version="1.0" encoding="UTF-8"?>
<testsuite name="alex.app.ApplicationTest" tests="1" skipped="0" failures="0" errors="0" timestamp="2020-10-30T09:36:23" hostname="Alex-PC" time="0.019">
  <properties/>
  <testcase name="contextLoads()" classname="alex.app.ApplicationTest" time="0.019"/>
  <system-out><![CDATA[11:36:15.970 [Test worker] DEBUG org.springframework.test.context.BootstrapUtils - Instantiating CacheAwareContextLoaderDelegate from class [org.springframework.test.context.cache.DefaultCacheAwareContextLoaderDelegate]
11:36:15.977 [Test worker] DEBUG org.springframework.test.context.BootstrapUtils - Instantiating BootstrapContext using constructor [public org.springframework.test.context.support.DefaultBootstrapContext(java.lang.Class,org.springframework.test.context.CacheAwareContextLoaderDelegate)]
11:36:15.999 [Test worker] DEBUG org.springframework.test.context.BootstrapUtils - Instantiating TestContextBootstrapper for test class [alex.app.ApplicationTest] from class [org.springframework.boot.test.context.SpringBootTestContextBootstrapper]
11:36:16.021 [Test worker] DEBUG org.springframework.test.context.support.AbstractContextLoader - Did not detect default resource location for test class [alex.app.ApplicationTest]: class path resource [alex/app/ApplicationTest-context.xml] does not exist
11:36:16.021 [Test worker] DEBUG org.springframework.test.context.support.AbstractContextLoader - Did not detect default resource location for test class [alex.app.ApplicationTest]: class path resource [alex/app/ApplicationTestContext.groovy] does not exist
11:36:16.022 [Test worker] INFO org.springframework.test.context.support.AbstractContextLoader - Could not detect default resource locations for test class [alex.app.ApplicationTest]: no resource found for suffixes {-context.xml, Context.groovy}.
11:36:16.062 [Test worker] DEBUG org.springframework.test.context.support.ActiveProfilesUtils - Could not find an 'annotation declaring class' for annotation type [org.springframework.test.context.ActiveProfiles] and class [alex.app.ApplicationTest]
11:36:16.177 [Test worker] DEBUG org.springframework.boot.test.context.SpringBootTestContextBootstrapper - @TestExecutionListeners is not present for class [alex.app.ApplicationTest]: using defaults.
11:36:16.177 [Test worker] INFO org.springframework.boot.test.context.SpringBootTestContextBootstrapper - Loaded default TestExecutionListener class names from location [META-INF/spring.factories]: [org.springframework.boot.test.autoconfigure.restdocs.RestDocsTestExecutionListener, org.springframework.boot.test.autoconfigure.web.client.MockRestServiceServerResetTestExecutionListener, org.springframework.boot.test.autoconfigure.web.servlet.MockMvcPrintOnlyOnFailureTestExecutionListener, org.springframework.boot.test.autoconfigure.web.servlet.WebDriverTestExecutionListener, org.springframework.boot.test.autoconfigure.webservices.client.MockWebServiceServerTestExecutionListener, org.springframework.boot.test.mock.mockito.MockitoTestExecutionListener, org.springframework.boot.test.mock.mockito.ResetMocksTestExecutionListener, org.springframework.test.context.web.ServletTestExecutionListener, org.springframework.test.context.support.DirtiesContextBeforeModesTestExecutionListener, org.springframework.test.context.support.DependencyInjectionTestExecutionListener, org.springframework.test.context.support.DirtiesContextTestExecutionListener, org.springframework.test.context.transaction.TransactionalTestExecutionListener, org.springframework.test.context.jdbc.SqlScriptsTestExecutionListener, org.springframework.test.context.event.EventPublishingTestExecutionListener]
11:36:16.192 [Test worker] INFO org.springframework.boot.test.context.SpringBootTestContextBootstrapper - Using TestExecutionListeners: [org.springframework.test.context.web.ServletTestExecutionListener@5fd0cf93, org.springframework.test.context.support.DirtiesContextBeforeModesTestExecutionListener@1146ced8, org.springframework.boot.test.mock.mockito.MockitoTestExecutionListener@552b3c81, org.springframework.boot.test.autoconfigure.SpringBootDependencyInjectionTestExecutionListener@1110d00f, org.springframework.test.context.support.DirtiesContextTestExecutionListener@48e539e9, org.springframework.test.context.transaction.TransactionalTestExecutionListener@6ff21e23, org.springframework.test.context.jdbc.SqlScriptsTestExecutionListener@6331f868, org.springframework.test.context.event.EventPublishingTestExecutionListener@74b6dca9, org.springframework.boot.test.autoconfigure.restdocs.RestDocsTestExecutionListener@157d99a7, org.springframework.boot.test.autoconfigure.web.client.MockRestServiceServerResetTestExecutionListener@6a019e2d, org.springframework.boot.test.autoconfigure.web.servlet.MockMvcPrintOnlyOnFailureTestExecutionListener@69fd9bd, org.springframework.boot.test.autoconfigure.web.servlet.WebDriverTestExecutionListener@448e1e53, org.springframework.boot.test.autoconfigure.webservices.client.MockWebServiceServerTestExecutionListener@3dc707c4, org.springframework.boot.test.mock.mockito.ResetMocksTestExecutionListener@5b5116a7]
11:36:16.196 [Test worker] DEBUG org.springframework.test.context.support.AbstractDirtiesContextTestExecutionListener - Before test class: context [DefaultTestContext@5a6efebf testClass = ApplicationTest, testInstance = [null], testMethod = [null], testException = [null], mergedContextConfiguration = [WebMergedContextConfiguration@d5311f8 testClass = ApplicationTest, locations = '{}', classes = '{class alex.app.Application}', contextInitializerClasses = '[]', activeProfiles = '{}', propertySourceLocations = '{classpath:application.properties}', propertySourceProperties = '{org.springframework.boot.test.context.SpringBootTestContextBootstrapper=true}', contextCustomizers = set[org.springframework.boot.test.autoconfigure.properties.PropertyMappingContextCustomizer@0, org.springframework.boot.test.autoconfigure.web.servlet.WebDriverContextCustomizerFactory$Customizer@7827b79c, org.springframework.boot.test.context.filter.ExcludeFilterContextCustomizer@2d667bd2, org.springframework.boot.test.json.DuplicateJsonObjectContextCustomizerFactory$DuplicateJsonObjectContextCustomizer@7c565bdd, org.springframework.boot.test.mock.mockito.MockitoContextCustomizer@0, org.springframework.boot.test.web.client.TestRestTemplateContextCustomizer@42d0940e, org.springframework.boot.test.context.SpringBootTestArgs@1], resourceBasePath = 'src/main/webapp', contextLoader = 'org.springframework.boot.test.context.SpringBootContextLoader', parent = [null]], attributes = map['org.springframework.test.context.web.ServletTestExecutionListener.activateListener' -> true]], class annotated with @DirtiesContext [false] with mode [null].
11:36:16.229 [Test worker] DEBUG org.springframework.test.context.support.TestPropertySourceUtils - Adding inlined properties to environment: {spring.jmx.enabled=false, org.springframework.boot.test.context.SpringBootTestContextBootstrapper=true}
####################################################
##   _     _             _ _                      ##
##  | |   (_)           (_) |                     ##
##  | |    _  __ _ _   _ _| |__   __ _ ___  ___   ##
##  | |   | |/ _` | | | | | '_ \ / _` / __|/ _ \  ##
##  | |___| | (_| | |_| | | |_) | (_| \__ \  __/  ##
##  \_____/_|\__, |\__,_|_|_.__/ \__,_|___/\___|  ##
##              | |                               ##
##              |_|                               ##
##                                                ## 
##  Get documentation at docs.liquibase.com       ##
##  Get certified courses at learn.liquibase.com  ## 
##  Get advanced features and support at          ##
##      liquibase.com/support                     ##
##                                                ##
####################################################

2020-10-30 11:36:16.513  INFO 9336 --- [    Test worker] alex.app.ApplicationTest                 : Starting ApplicationTest on Alex-PC with PID 9336 (started by Alex in C:\Users\Alex\Downloads\nnd)
2020-10-30 11:36:16.515  INFO 9336 --- [    Test worker] alex.app.ApplicationTest                 : No active profile set, falling back to default profiles: default
2020-10-30 11:36:17.213  INFO 9336 --- [    Test worker] .s.d.r.c.RepositoryConfigurationDelegate : Bootstrapping Spring Data JPA repositories in DEFAULT mode.
2020-10-30 11:36:17.293  INFO 9336 --- [    Test worker] .s.d.r.c.RepositoryConfigurationDelegate : Finished Spring Data repository scanning in 65ms. Found 1 JPA repository interfaces.
2020-10-30 11:36:18.050  INFO 9336 --- [    Test worker] com.zaxxer.hikari.HikariDataSource       : HikariPool-1 - Starting...
2020-10-30 11:36:18.215  INFO 9336 --- [    Test worker] com.zaxxer.hikari.HikariDataSource       : HikariPool-1 - Start completed.
2020-10-30 11:36:18.541  INFO 9336 --- [    Test worker] liquibase.lockservice                    : Successfully acquired change log lock
2020-10-30 11:36:18.828  INFO 9336 --- [    Test worker] liquibase.command                        : Dropping Database Objects in schema: APP_DB.PUBLIC
2020-10-30 11:36:18.853  INFO 9336 --- [    Test worker] liquibase.changelog                      : Creating database history table with name: PUBLIC.DATABASECHANGELOG
2020-10-30 11:36:19.153  INFO 9336 --- [    Test worker] liquibase.database                       : Successfully deleted all supported object types in schema APP_DB.PUBLIC.
2020-10-30 11:36:19.154  INFO 9336 --- [    Test worker] liquibase.lockservice                    : Successfully released change log lock
2020-10-30 11:36:19.161  INFO 9336 --- [    Test worker] liquibase.lockservice                    : Successfully acquired change log lock
2020-10-30 11:36:19.162  INFO 9336 --- [    Test worker] liquibase.changelog                      : Creating database history table with name: PUBLIC.DATABASECHANGELOG
2020-10-30 11:36:19.164  INFO 9336 --- [    Test worker] liquibase.changelog                      : Reading from PUBLIC.DATABASECHANGELOG
2020-10-30 11:36:19.256  INFO 9336 --- [    Test worker] liquibase.changelog                      : Sequence country_code_seq created
2020-10-30 11:36:19.256  INFO 9336 --- [    Test worker] liquibase.changelog                      : ChangeSet liquibase/changelogs/db.changelog-1.0.xml::1::alex ran successfully in 2ms
2020-10-30 11:36:19.264  INFO 9336 --- [    Test worker] liquibase.changelog                      : Sequence hibernate_sequence created
2020-10-30 11:36:19.265  INFO 9336 --- [    Test worker] liquibase.changelog                      : ChangeSet liquibase/changelogs/db.changelog-1.0.xml::2::alex ran successfully in 2ms
2020-10-30 11:36:19.270  INFO 9336 --- [    Test worker] liquibase.changelog                      : Table COUNTRY_CODE created
2020-10-30 11:36:19.270  INFO 9336 --- [    Test worker] liquibase.changelog                      : ChangeSet liquibase/changelogs/db.changelog-1.0.xml::3::alex ran successfully in 4ms
2020-10-30 11:36:19.273  INFO 9336 --- [    Test worker] liquibase.lockservice                    : Successfully released change log lock
2020-10-30 11:36:19.389  INFO 9336 --- [    Test worker] o.hibernate.jpa.internal.util.LogHelper  : HHH000204: Processing PersistenceUnitInfo [name: default]
2020-10-30 11:36:19.448  INFO 9336 --- [    Test worker] org.hibernate.Version                    : HHH000412: Hibernate ORM core version 5.4.22.Final
2020-10-30 11:36:19.603  INFO 9336 --- [    Test worker] o.hibernate.annotations.common.Version   : HCANN000001: Hibernate Commons Annotations {5.1.0.Final}
2020-10-30 11:36:19.766  INFO 9336 --- [    Test worker] org.hibernate.dialect.Dialect            : HHH000400: Using dialect: org.hibernate.dialect.H2Dialect
2020-10-30 11:36:20.516  INFO 9336 --- [    Test worker] o.h.e.t.j.p.i.JtaPlatformInitiator       : HHH000490: Using JtaPlatform implementation: [org.hibernate.engine.transaction.jta.platform.internal.NoJtaPlatform]
2020-10-30 11:36:20.525  INFO 9336 --- [    Test worker] j.LocalContainerEntityManagerFactoryBean : Initialized JPA EntityManagerFactory for persistence unit 'default'
Hibernate: call next value for hibernate_sequence
Hibernate: call next value for hibernate_sequence
Hibernate: call next value for hibernate_sequence
Hibernate: call next value for hibernate_sequence
Hibernate: call next value for hibernate_sequence
Hibernate: call next value for hibernate_sequence
Hibernate: call next value for hibernate_sequence
Hibernate: call next value for hibernate_sequence
Hibernate: call next value for hibernate_sequence
Hibernate: call next value for hibernate_sequence
Hibernate: call next value for hibernate_sequence
Hibernate: call next value for hibernate_sequence
Hibernate: call next value for hibernate_sequence
Hibernate: call next value for hibernate_sequence
Hibernate: call next value for hibernate_sequence
Hibernate: call next value for hibernate_sequence
Hibernate: call next value for hibernate_sequence
Hibernate: call next value for hibernate_sequence
Hibernate: call next value for hibernate_sequence
Hibernate: call next value for hibernate_sequence
Hibernate: call next value for hibernate_sequence
Hibernate: call next value for hibernate_sequence
Hibernate: call next value for hibernate_sequence
Hibernate: call next value for hibernate_sequence
Hibernate: call next value for hibernate_sequence
Hibernate: call next value for hibernate_sequence
Hibernate: call next value for hibernate_sequence
Hibernate: call next value for hibernate_sequence
Hibernate: call next value for hibernate_sequence
Hibernate: call next value for hibernate_sequence
Hibernate: call next value for hibernate_sequence
Hibernate: call next value for hibernate_sequence
Hibernate: call next value for hibernate_sequence
Hibernate: call next value for hibernate_sequence
Hibernate: call next value for hibernate_sequence
Hibernate: call next value for hibernate_sequence
Hibernate: call next value for hibernate_sequence
Hibernate: call next value for hibernate_sequence
Hibernate: call next value for hibernate_sequence
Hibernate: call next value for hibernate_sequence
Hibernate: call next value for hibernate_sequence
Hibernate: call next value for hibernate_sequence
Hibernate: call next value for hibernate_sequence
Hibernate: call next value for hibernate_sequence
Hibernate: call next value for hibernate_sequence
Hibernate: call next value for hibernate_sequence
Hibernate: call next value for hibernate_sequence
Hibernate: call next value for hibernate_sequence
Hibernate: call next value for hibernate_sequence
Hibernate: call next value for hibernate_sequence
Hibernate: call next value for hibernate_sequence
Hibernate: call next value for hibernate_sequence
Hibernate: call next value for hibernate_sequence
Hibernate: call next value for hibernate_sequence
Hibernate: call next value for hibernate_sequence
Hibernate: call next value for hibernate_sequence
Hibernate: call next value for hibernate_sequence
Hibernate: call next value for hibernate_sequence
Hibernate: call next value for hibernate_sequence
Hibernate: call next value for hibernate_sequence
Hibernate: call next value for hibernate_sequence
Hibernate: call next value for hibernate_sequence
Hibernate: call next value for hibernate_sequence
Hibernate: call next value for hibernate_sequence
Hibernate: call next value for hibernate_sequence
Hibernate: call next value for hibernate_sequence
Hibernate: call next value for hibernate_sequence
Hibernate: call next value for hibernate_sequence
Hibernate: call next value for hibernate_sequence
Hibernate: call next value for hibernate_sequence
Hibernate: call next value for hibernate_sequence
Hibernate: call next value for hibernate_sequence
Hibernate: call next value for hibernate_sequence
Hibernate: call next value for hibernate_sequence
Hibernate: call next value for hibernate_sequence
Hibernate: call next value for hibernate_sequence
Hibernate: call next value for hibernate_sequence
Hibernate: call next value for hibernate_sequence
Hibernate: call next value for hibernate_sequence
Hibernate: call next value for hibernate_sequence
Hibernate: call next value for hibernate_sequence
Hibernate: call next value for hibernate_sequence
Hibernate: call next value for hibernate_sequence
Hibernate: call next value for hibernate_sequence
Hibernate: call next value for hibernate_sequence
Hibernate: call next value for hibernate_sequence
Hibernate: call next value for hibernate_sequence
Hibernate: call next value for hibernate_sequence
Hibernate: call next value for hibernate_sequence
Hibernate: call next value for hibernate_sequence
Hibernate: call next value for hibernate_sequence
Hibernate: call next value for hibernate_sequence
Hibernate: call next value for hibernate_sequence
Hibernate: call next value for hibernate_sequence
Hibernate: call next value for hibernate_sequence
Hibernate: call next value for hibernate_sequence
Hibernate: call next value for hibernate_sequence
Hibernate: call next value for hibernate_sequence
Hibernate: call next value for hibernate_sequence
Hibernate: call next value for hibernate_sequence
Hibernate: call next value for hibernate_sequence
Hibernate: call next value for hibernate_sequence
Hibernate: call next value for hibernate_sequence
Hibernate: call next value for hibernate_sequence
Hibernate: call next value for hibernate_sequence
Hibernate: call next value for hibernate_sequence
Hibernate: call next value for hibernate_sequence
Hibernate: call next value for hibernate_sequence
Hibernate: call next value for hibernate_sequence
Hibernate: call next value for hibernate_sequence
Hibernate: call next value for hibernate_sequence
Hibernate: call next value for hibernate_sequence
Hibernate: call next value for hibernate_sequence
Hibernate: call next value for hibernate_sequence
Hibernate: call next value for hibernate_sequence
Hibernate: call next value for hibernate_sequence
Hibernate: call next value for hibernate_sequence
Hibernate: call next value for hibernate_sequence
Hibernate: call next value for hibernate_sequence
Hibernate: call next value for hibernate_sequence
Hibernate: call next value for hibernate_sequence
Hibernate: call next value for hibernate_sequence
Hibernate: call next value for hibernate_sequence
Hibernate: call next value for hibernate_sequence
Hibernate: call next value for hibernate_sequence
Hibernate: call next value for hibernate_sequence
Hibernate: call next value for hibernate_sequence
Hibernate: call next value for hibernate_sequence
Hibernate: call next value for hibernate_sequence
Hibernate: call next value for hibernate_sequence
Hibernate: call next value for hibernate_sequence
Hibernate: call next value for hibernate_sequence
Hibernate: call next value for hibernate_sequence
Hibernate: call next value for hibernate_sequence
Hibernate: call next value for hibernate_sequence
Hibernate: call next value for hibernate_sequence
Hibernate: call next value for hibernate_sequence
Hibernate: call next value for hibernate_sequence
Hibernate: call next value for hibernate_sequence
Hibernate: call next value for hibernate_sequence
Hibernate: call next value for hibernate_sequence
Hibernate: call next value for hibernate_sequence
Hibernate: call next value for hibernate_sequence
Hibernate: call next value for hibernate_sequence
Hibernate: call next value for hibernate_sequence
Hibernate: call next value for hibernate_sequence
Hibernate: call next value for hibernate_sequence
Hibernate: call next value for hibernate_sequence
Hibernate: call next value for hibernate_sequence
Hibernate: call next value for hibernate_sequence
Hibernate: call next value for hibernate_sequence
Hibernate: call next value for hibernate_sequence
Hibernate: call next value for hibernate_sequence
Hibernate: call next value for hibernate_sequence
Hibernate: call next value for hibernate_sequence
Hibernate: call next value for hibernate_sequence
Hibernate: call next value for hibernate_sequence
Hibernate: call next value for hibernate_sequence
Hibernate: call next value for hibernate_sequence
Hibernate: call next value for hibernate_sequence
Hibernate: call next value for hibernate_sequence
Hibernate: call next value for hibernate_sequence
Hibernate: call next value for hibernate_sequence
Hibernate: call next value for hibernate_sequence
Hibernate: call next value for hibernate_sequence
Hibernate: call next value for hibernate_sequence
Hibernate: call next value for hibernate_sequence
Hibernate: call next value for hibernate_sequence
Hibernate: call next value for hibernate_sequence
Hibernate: call next value for hibernate_sequence
Hibernate: call next value for hibernate_sequence
Hibernate: call next value for hibernate_sequence
Hibernate: call next value for hibernate_sequence
Hibernate: call next value for hibernate_sequence
Hibernate: call next value for hibernate_sequence
Hibernate: call next value for hibernate_sequence
Hibernate: call next value for hibernate_sequence
Hibernate: call next value for hibernate_sequence
Hibernate: call next value for hibernate_sequence
Hibernate: call next value for hibernate_sequence
Hibernate: call next value for hibernate_sequence
Hibernate: call next value for hibernate_sequence
Hibernate: call next value for hibernate_sequence
Hibernate: call next value for hibernate_sequence
Hibernate: call next value for hibernate_sequence
Hibernate: call next value for hibernate_sequence
Hibernate: call next value for hibernate_sequence
Hibernate: call next value for hibernate_sequence
Hibernate: call next value for hibernate_sequence
Hibernate: call next value for hibernate_sequence
Hibernate: call next value for hibernate_sequence
Hibernate: call next value for hibernate_sequence
Hibernate: call next value for hibernate_sequence
Hibernate: call next value for hibernate_sequence
Hibernate: call next value for hibernate_sequence
Hibernate: call next value for hibernate_sequence
Hibernate: call next value for hibernate_sequence
Hibernate: call next value for hibernate_sequence
Hibernate: call next value for hibernate_sequence
Hibernate: call next value for hibernate_sequence
Hibernate: call next value for hibernate_sequence
Hibernate: call next value for hibernate_sequence
Hibernate: call next value for hibernate_sequence
Hibernate: call next value for hibernate_sequence
Hibernate: call next value for hibernate_sequence
Hibernate: call next value for hibernate_sequence
Hibernate: call next value for hibernate_sequence
Hibernate: call next value for hibernate_sequence
Hibernate: call next value for hibernate_sequence
Hibernate: call next value for hibernate_sequence
Hibernate: call next value for hibernate_sequence
Hibernate: call next value for hibernate_sequence
Hibernate: call next value for hibernate_sequence
Hibernate: call next value for hibernate_sequence
Hibernate: call next value for hibernate_sequence
Hibernate: call next value for hibernate_sequence
Hibernate: call next value for hibernate_sequence
Hibernate: call next value for hibernate_sequence
Hibernate: call next value for hibernate_sequence
Hibernate: call next value for hibernate_sequence
Hibernate: call next value for hibernate_sequence
Hibernate: call next value for hibernate_sequence
Hibernate: call next value for hibernate_sequence
Hibernate: call next value for hibernate_sequence
Hibernate: call next value for hibernate_sequence
Hibernate: call next value for hibernate_sequence
Hibernate: call next value for hibernate_sequence
Hibernate: call next value for hibernate_sequence
Hibernate: call next value for hibernate_sequence
Hibernate: call next value for hibernate_sequence
Hibernate: call next value for hibernate_sequence
Hibernate: call next value for hibernate_sequence
Hibernate: call next value for hibernate_sequence
Hibernate: call next value for hibernate_sequence
Hibernate: call next value for hibernate_sequence
Hibernate: call next value for hibernate_sequence
Hibernate: call next value for hibernate_sequence
Hibernate: call next value for hibernate_sequence
Hibernate: call next value for hibernate_sequence
Hibernate: call next value for hibernate_sequence
Hibernate: call next value for hibernate_sequence
Hibernate: call next value for hibernate_sequence
Hibernate: call next value for hibernate_sequence
Hibernate: call next value for hibernate_sequence
Hibernate: call next value for hibernate_sequence
Hibernate: call next value for hibernate_sequence
Hibernate: call next value for hibernate_sequence
Hibernate: call next value for hibernate_sequence
Hibernate: call next value for hibernate_sequence
Hibernate: call next value for hibernate_sequence
Hibernate: call next value for hibernate_sequence
Hibernate: call next value for hibernate_sequence
Hibernate: call next value for hibernate_sequence
Hibernate: call next value for hibernate_sequence
Hibernate: call next value for hibernate_sequence
Hibernate: call next value for hibernate_sequence
Hibernate: call next value for hibernate_sequence
Hibernate: call next value for hibernate_sequence
Hibernate: call next value for hibernate_sequence
Hibernate: call next value for hibernate_sequence
Hibernate: call next value for hibernate_sequence
Hibernate: call next value for hibernate_sequence
Hibernate: call next value for hibernate_sequence
Hibernate: call next value for hibernate_sequence
Hibernate: call next value for hibernate_sequence
Hibernate: call next value for hibernate_sequence
Hibernate: call next value for hibernate_sequence
Hibernate: call next value for hibernate_sequence
Hibernate: call next value for hibernate_sequence
Hibernate: call next value for hibernate_sequence
Hibernate: call next value for hibernate_sequence
Hibernate: call next value for hibernate_sequence
Hibernate: call next value for hibernate_sequence
Hibernate: call next value for hibernate_sequence
Hibernate: call next value for hibernate_sequence
Hibernate: call next value for hibernate_sequence
Hibernate: call next value for hibernate_sequence
Hibernate: call next value for hibernate_sequence
Hibernate: call next value for hibernate_sequence
Hibernate: call next value for hibernate_sequence
Hibernate: insert into country_code (code, country, id) values (?, ?, ?)
Hibernate: insert into country_code (code, country, id) values (?, ?, ?)
Hibernate: insert into country_code (code, country, id) values (?, ?, ?)
Hibernate: insert into country_code (code, country, id) values (?, ?, ?)
Hibernate: insert into country_code (code, country, id) values (?, ?, ?)
Hibernate: insert into country_code (code, country, id) values (?, ?, ?)
Hibernate: insert into country_code (code, country, id) values (?, ?, ?)
Hibernate: insert into country_code (code, country, id) values (?, ?, ?)
Hibernate: insert into country_code (code, country, id) values (?, ?, ?)
Hibernate: insert into country_code (code, country, id) values (?, ?, ?)
Hibernate: insert into country_code (code, country, id) values (?, ?, ?)
Hibernate: insert into country_code (code, country, id) values (?, ?, ?)
Hibernate: insert into country_code (code, country, id) values (?, ?, ?)
Hibernate: insert into country_code (code, country, id) values (?, ?, ?)
Hibernate: insert into country_code (code, country, id) values (?, ?, ?)
Hibernate: insert into country_code (code, country, id) values (?, ?, ?)
Hibernate: insert into country_code (code, country, id) values (?, ?, ?)
Hibernate: insert into country_code (code, country, id) values (?, ?, ?)
Hibernate: insert into country_code (code, country, id) values (?, ?, ?)
Hibernate: insert into country_code (code, country, id) values (?, ?, ?)
Hibernate: insert into country_code (code, country, id) values (?, ?, ?)
Hibernate: insert into country_code (code, country, id) values (?, ?, ?)
Hibernate: insert into country_code (code, country, id) values (?, ?, ?)
Hibernate: insert into country_code (code, country, id) values (?, ?, ?)
Hibernate: insert into country_code (code, country, id) values (?, ?, ?)
Hibernate: insert into country_code (code, country, id) values (?, ?, ?)
Hibernate: insert into country_code (code, country, id) values (?, ?, ?)
Hibernate: insert into country_code (code, country, id) values (?, ?, ?)
Hibernate: insert into country_code (code, country, id) values (?, ?, ?)
Hibernate: insert into country_code (code, country, id) values (?, ?, ?)
Hibernate: insert into country_code (code, country, id) values (?, ?, ?)
Hibernate: insert into country_code (code, country, id) values (?, ?, ?)
Hibernate: insert into country_code (code, country, id) values (?, ?, ?)
Hibernate: insert into country_code (code, country, id) values (?, ?, ?)
Hibernate: insert into country_code (code, country, id) values (?, ?, ?)
Hibernate: insert into country_code (code, country, id) values (?, ?, ?)
Hibernate: insert into country_code (code, country, id) values (?, ?, ?)
Hibernate: insert into country_code (code, country, id) values (?, ?, ?)
Hibernate: insert into country_code (code, country, id) values (?, ?, ?)
Hibernate: insert into country_code (code, country, id) values (?, ?, ?)
Hibernate: insert into country_code (code, country, id) values (?, ?, ?)
Hibernate: insert into country_code (code, country, id) values (?, ?, ?)
Hibernate: insert into country_code (code, country, id) values (?, ?, ?)
Hibernate: insert into country_code (code, country, id) values (?, ?, ?)
Hibernate: insert into country_code (code, country, id) values (?, ?, ?)
Hibernate: insert into country_code (code, country, id) values (?, ?, ?)
Hibernate: insert into country_code (code, country, id) values (?, ?, ?)
Hibernate: insert into country_code (code, country, id) values (?, ?, ?)
Hibernate: insert into country_code (code, country, id) values (?, ?, ?)
Hibernate: insert into country_code (code, country, id) values (?, ?, ?)
Hibernate: insert into country_code (code, country, id) values (?, ?, ?)
Hibernate: insert into country_code (code, country, id) values (?, ?, ?)
Hibernate: insert into country_code (code, country, id) values (?, ?, ?)
Hibernate: insert into country_code (code, country, id) values (?, ?, ?)
Hibernate: insert into country_code (code, country, id) values (?, ?, ?)
Hibernate: insert into country_code (code, country, id) values (?, ?, ?)
Hibernate: insert into country_code (code, country, id) values (?, ?, ?)
Hibernate: insert into country_code (code, country, id) values (?, ?, ?)
Hibernate: insert into country_code (code, country, id) values (?, ?, ?)
Hibernate: insert into country_code (code, country, id) values (?, ?, ?)
Hibernate: insert into country_code (code, country, id) values (?, ?, ?)
Hibernate: insert into country_code (code, country, id) values (?, ?, ?)
Hibernate: insert into country_code (code, country, id) values (?, ?, ?)
Hibernate: insert into country_code (code, country, id) values (?, ?, ?)
Hibernate: insert into country_code (code, country, id) values (?, ?, ?)
Hibernate: insert into country_code (code, country, id) values (?, ?, ?)
Hibernate: insert into country_code (code, country, id) values (?, ?, ?)
Hibernate: insert into country_code (code, country, id) values (?, ?, ?)
Hibernate: insert into country_code (code, country, id) values (?, ?, ?)
Hibernate: insert into country_code (code, country, id) values (?, ?, ?)
Hibernate: insert into country_code (code, country, id) values (?, ?, ?)
Hibernate: insert into country_code (code, country, id) values (?, ?, ?)
Hibernate: insert into country_code (code, country, id) values (?, ?, ?)
Hibernate: insert into country_code (code, country, id) values (?, ?, ?)
Hibernate: insert into country_code (code, country, id) values (?, ?, ?)
Hibernate: insert into country_code (code, country, id) values (?, ?, ?)
Hibernate: insert into country_code (code, country, id) values (?, ?, ?)
Hibernate: insert into country_code (code, country, id) values (?, ?, ?)
Hibernate: insert into country_code (code, country, id) values (?, ?, ?)
Hibernate: insert into country_code (code, country, id) values (?, ?, ?)
Hibernate: insert into country_code (code, country, id) values (?, ?, ?)
Hibernate: insert into country_code (code, country, id) values (?, ?, ?)
Hibernate: insert into country_code (code, country, id) values (?, ?, ?)
Hibernate: insert into country_code (code, country, id) values (?, ?, ?)
Hibernate: insert into country_code (code, country, id) values (?, ?, ?)
Hibernate: insert into country_code (code, country, id) values (?, ?, ?)
Hibernate: insert into country_code (code, country, id) values (?, ?, ?)
Hibernate: insert into country_code (code, country, id) values (?, ?, ?)
Hibernate: insert into country_code (code, country, id) values (?, ?, ?)
Hibernate: insert into country_code (code, country, id) values (?, ?, ?)
Hibernate: insert into country_code (code, country, id) values (?, ?, ?)
Hibernate: insert into country_code (code, country, id) values (?, ?, ?)
Hibernate: insert into country_code (code, country, id) values (?, ?, ?)
Hibernate: insert into country_code (code, country, id) values (?, ?, ?)
Hibernate: insert into country_code (code, country, id) values (?, ?, ?)
Hibernate: insert into country_code (code, country, id) values (?, ?, ?)
Hibernate: insert into country_code (code, country, id) values (?, ?, ?)
Hibernate: insert into country_code (code, country, id) values (?, ?, ?)
Hibernate: insert into country_code (code, country, id) values (?, ?, ?)
Hibernate: insert into country_code (code, country, id) values (?, ?, ?)
Hibernate: insert into country_code (code, country, id) values (?, ?, ?)
Hibernate: insert into country_code (code, country, id) values (?, ?, ?)
Hibernate: insert into country_code (code, country, id) values (?, ?, ?)
Hibernate: insert into country_code (code, country, id) values (?, ?, ?)
Hibernate: insert into country_code (code, country, id) values (?, ?, ?)
Hibernate: insert into country_code (code, country, id) values (?, ?, ?)
Hibernate: insert into country_code (code, country, id) values (?, ?, ?)
Hibernate: insert into country_code (code, country, id) values (?, ?, ?)
Hibernate: insert into country_code (code, country, id) values (?, ?, ?)
Hibernate: insert into country_code (code, country, id) values (?, ?, ?)
Hibernate: insert into country_code (code, country, id) values (?, ?, ?)
Hibernate: insert into country_code (code, country, id) values (?, ?, ?)
Hibernate: insert into country_code (code, country, id) values (?, ?, ?)
Hibernate: insert into country_code (code, country, id) values (?, ?, ?)
Hibernate: insert into country_code (code, country, id) values (?, ?, ?)
Hibernate: insert into country_code (code, country, id) values (?, ?, ?)
Hibernate: insert into country_code (code, country, id) values (?, ?, ?)
Hibernate: insert into country_code (code, country, id) values (?, ?, ?)
Hibernate: insert into country_code (code, country, id) values (?, ?, ?)
Hibernate: insert into country_code (code, country, id) values (?, ?, ?)
Hibernate: insert into country_code (code, country, id) values (?, ?, ?)
Hibernate: insert into country_code (code, country, id) values (?, ?, ?)
Hibernate: insert into country_code (code, country, id) values (?, ?, ?)
Hibernate: insert into country_code (code, country, id) values (?, ?, ?)
Hibernate: insert into country_code (code, country, id) values (?, ?, ?)
Hibernate: insert into country_code (code, country, id) values (?, ?, ?)
Hibernate: insert into country_code (code, country, id) values (?, ?, ?)
Hibernate: insert into country_code (code, country, id) values (?, ?, ?)
Hibernate: insert into country_code (code, country, id) values (?, ?, ?)
Hibernate: insert into country_code (code, country, id) values (?, ?, ?)
Hibernate: insert into country_code (code, country, id) values (?, ?, ?)
Hibernate: insert into country_code (code, country, id) values (?, ?, ?)
Hibernate: insert into country_code (code, country, id) values (?, ?, ?)
Hibernate: insert into country_code (code, country, id) values (?, ?, ?)
Hibernate: insert into country_code (code, country, id) values (?, ?, ?)
Hibernate: insert into country_code (code, country, id) values (?, ?, ?)
Hibernate: insert into country_code (code, country, id) values (?, ?, ?)
Hibernate: insert into country_code (code, country, id) values (?, ?, ?)
Hibernate: insert into country_code (code, country, id) values (?, ?, ?)
Hibernate: insert into country_code (code, country, id) values (?, ?, ?)
Hibernate: insert into country_code (code, country, id) values (?, ?, ?)
Hibernate: insert into country_code (code, country, id) values (?, ?, ?)
Hibernate: insert into country_code (code, country, id) values (?, ?, ?)
Hibernate: insert into country_code (code, country, id) values (?, ?, ?)
Hibernate: insert into country_code (code, country, id) values (?, ?, ?)
Hibernate: insert into country_code (code, country, id) values (?, ?, ?)
Hibernate: insert into country_code (code, country, id) values (?, ?, ?)
Hibernate: insert into country_code (code, country, id) values (?, ?, ?)
Hibernate: insert into country_code (code, country, id) values (?, ?, ?)
Hibernate: insert into country_code (code, country, id) values (?, ?, ?)
Hibernate: insert into country_code (code, country, id) values (?, ?, ?)
Hibernate: insert into country_code (code, country, id) values (?, ?, ?)
Hibernate: insert into country_code (code, country, id) values (?, ?, ?)
Hibernate: insert into country_code (code, country, id) values (?, ?, ?)
Hibernate: insert into country_code (code, country, id) values (?, ?, ?)
Hibernate: insert into country_code (code, country, id) values (?, ?, ?)
Hibernate: insert into country_code (code, country, id) values (?, ?, ?)
Hibernate: insert into country_code (code, country, id) values (?, ?, ?)
Hibernate: insert into country_code (code, country, id) values (?, ?, ?)
Hibernate: insert into country_code (code, country, id) values (?, ?, ?)
Hibernate: insert into country_code (code, country, id) values (?, ?, ?)
Hibernate: insert into country_code (code, country, id) values (?, ?, ?)
Hibernate: insert into country_code (code, country, id) values (?, ?, ?)
Hibernate: insert into country_code (code, country, id) values (?, ?, ?)
Hibernate: insert into country_code (code, country, id) values (?, ?, ?)
Hibernate: insert into country_code (code, country, id) values (?, ?, ?)
Hibernate: insert into country_code (code, country, id) values (?, ?, ?)
Hibernate: insert into country_code (code, country, id) values (?, ?, ?)
Hibernate: insert into country_code (code, country, id) values (?, ?, ?)
Hibernate: insert into country_code (code, country, id) values (?, ?, ?)
Hibernate: insert into country_code (code, country, id) values (?, ?, ?)
Hibernate: insert into country_code (code, country, id) values (?, ?, ?)
Hibernate: insert into country_code (code, country, id) values (?, ?, ?)
Hibernate: insert into country_code (code, country, id) values (?, ?, ?)
Hibernate: insert into country_code (code, country, id) values (?, ?, ?)
Hibernate: insert into country_code (code, country, id) values (?, ?, ?)
Hibernate: insert into country_code (code, country, id) values (?, ?, ?)
Hibernate: insert into country_code (code, country, id) values (?, ?, ?)
Hibernate: insert into country_code (code, country, id) values (?, ?, ?)
Hibernate: insert into country_code (code, country, id) values (?, ?, ?)
Hibernate: insert into country_code (code, country, id) values (?, ?, ?)
Hibernate: insert into country_code (code, country, id) values (?, ?, ?)
Hibernate: insert into country_code (code, country, id) values (?, ?, ?)
Hibernate: insert into country_code (code, country, id) values (?, ?, ?)
Hibernate: insert into country_code (code, country, id) values (?, ?, ?)
Hibernate: insert into country_code (code, country, id) values (?, ?, ?)
Hibernate: insert into country_code (code, country, id) values (?, ?, ?)
Hibernate: insert into country_code (code, country, id) values (?, ?, ?)
Hibernate: insert into country_code (code, country, id) values (?, ?, ?)
Hibernate: insert into country_code (code, country, id) values (?, ?, ?)
Hibernate: insert into country_code (code, country, id) values (?, ?, ?)
Hibernate: insert into country_code (code, country, id) values (?, ?, ?)
Hibernate: insert into country_code (code, country, id) values (?, ?, ?)
Hibernate: insert into country_code (code, country, id) values (?, ?, ?)
Hibernate: insert into country_code (code, country, id) values (?, ?, ?)
Hibernate: insert into country_code (code, country, id) values (?, ?, ?)
Hibernate: insert into country_code (code, country, id) values (?, ?, ?)
Hibernate: insert into country_code (code, country, id) values (?, ?, ?)
Hibernate: insert into country_code (code, country, id) values (?, ?, ?)
Hibernate: insert into country_code (code, country, id) values (?, ?, ?)
Hibernate: insert into country_code (code, country, id) values (?, ?, ?)
Hibernate: insert into country_code (code, country, id) values (?, ?, ?)
Hibernate: insert into country_code (code, country, id) values (?, ?, ?)
Hibernate: insert into country_code (code, country, id) values (?, ?, ?)
Hibernate: insert into country_code (code, country, id) values (?, ?, ?)
Hibernate: insert into country_code (code, country, id) values (?, ?, ?)
Hibernate: insert into country_code (code, country, id) values (?, ?, ?)
Hibernate: insert into country_code (code, country, id) values (?, ?, ?)
Hibernate: insert into country_code (code, country, id) values (?, ?, ?)
Hibernate: insert into country_code (code, country, id) values (?, ?, ?)
Hibernate: insert into country_code (code, country, id) values (?, ?, ?)
Hibernate: insert into country_code (code, country, id) values (?, ?, ?)
Hibernate: insert into country_code (code, country, id) values (?, ?, ?)
Hibernate: insert into country_code (code, country, id) values (?, ?, ?)
Hibernate: insert into country_code (code, country, id) values (?, ?, ?)
Hibernate: insert into country_code (code, country, id) values (?, ?, ?)
Hibernate: insert into country_code (code, country, id) values (?, ?, ?)
Hibernate: insert into country_code (code, country, id) values (?, ?, ?)
Hibernate: insert into country_code (code, country, id) values (?, ?, ?)
Hibernate: insert into country_code (code, country, id) values (?, ?, ?)
Hibernate: insert into country_code (code, country, id) values (?, ?, ?)
Hibernate: insert into country_code (code, country, id) values (?, ?, ?)
Hibernate: insert into country_code (code, country, id) values (?, ?, ?)
Hibernate: insert into country_code (code, country, id) values (?, ?, ?)
Hibernate: insert into country_code (code, country, id) values (?, ?, ?)
Hibernate: insert into country_code (code, country, id) values (?, ?, ?)
Hibernate: insert into country_code (code, country, id) values (?, ?, ?)
Hibernate: insert into country_code (code, country, id) values (?, ?, ?)
Hibernate: insert into country_code (code, country, id) values (?, ?, ?)
Hibernate: insert into country_code (code, country, id) values (?, ?, ?)
Hibernate: insert into country_code (code, country, id) values (?, ?, ?)
Hibernate: insert into country_code (code, country, id) values (?, ?, ?)
Hibernate: insert into country_code (code, country, id) values (?, ?, ?)
Hibernate: insert into country_code (code, country, id) values (?, ?, ?)
Hibernate: insert into country_code (code, country, id) values (?, ?, ?)
Hibernate: insert into country_code (code, country, id) values (?, ?, ?)
Hibernate: insert into country_code (code, country, id) values (?, ?, ?)
Hibernate: insert into country_code (code, country, id) values (?, ?, ?)
Hibernate: insert into country_code (code, country, id) values (?, ?, ?)
Hibernate: insert into country_code (code, country, id) values (?, ?, ?)
Hibernate: insert into country_code (code, country, id) values (?, ?, ?)
Hibernate: insert into country_code (code, country, id) values (?, ?, ?)
Hibernate: insert into country_code (code, country, id) values (?, ?, ?)
Hibernate: insert into country_code (code, country, id) values (?, ?, ?)
Hibernate: insert into country_code (code, country, id) values (?, ?, ?)
Hibernate: insert into country_code (code, country, id) values (?, ?, ?)
Hibernate: insert into country_code (code, country, id) values (?, ?, ?)
Hibernate: insert into country_code (code, country, id) values (?, ?, ?)
Hibernate: insert into country_code (code, country, id) values (?, ?, ?)
Hibernate: insert into country_code (code, country, id) values (?, ?, ?)
Hibernate: insert into country_code (code, country, id) values (?, ?, ?)
Hibernate: insert into country_code (code, country, id) values (?, ?, ?)
Hibernate: insert into country_code (code, country, id) values (?, ?, ?)
Hibernate: insert into country_code (code, country, id) values (?, ?, ?)
Hibernate: insert into country_code (code, country, id) values (?, ?, ?)
Hibernate: insert into country_code (code, country, id) values (?, ?, ?)
Hibernate: insert into country_code (code, country, id) values (?, ?, ?)
Hibernate: insert into country_code (code, country, id) values (?, ?, ?)
Hibernate: insert into country_code (code, country, id) values (?, ?, ?)
Hibernate: insert into country_code (code, country, id) values (?, ?, ?)
Hibernate: insert into country_code (code, country, id) values (?, ?, ?)
Hibernate: insert into country_code (code, country, id) values (?, ?, ?)
Hibernate: insert into country_code (code, country, id) values (?, ?, ?)
Hibernate: insert into country_code (code, country, id) values (?, ?, ?)
Hibernate: insert into country_code (code, country, id) values (?, ?, ?)
Hibernate: insert into country_code (code, country, id) values (?, ?, ?)
Hibernate: insert into country_code (code, country, id) values (?, ?, ?)
Hibernate: insert into country_code (code, country, id) values (?, ?, ?)
Hibernate: insert into country_code (code, country, id) values (?, ?, ?)
Hibernate: insert into country_code (code, country, id) values (?, ?, ?)
Hibernate: insert into country_code (code, country, id) values (?, ?, ?)
Hibernate: insert into country_code (code, country, id) values (?, ?, ?)
Hibernate: insert into country_code (code, country, id) values (?, ?, ?)
Hibernate: insert into country_code (code, country, id) values (?, ?, ?)
Hibernate: insert into country_code (code, country, id) values (?, ?, ?)
Hibernate: insert into country_code (code, country, id) values (?, ?, ?)
Hibernate: insert into country_code (code, country, id) values (?, ?, ?)
Hibernate: insert into country_code (code, country, id) values (?, ?, ?)
Hibernate: insert into country_code (code, country, id) values (?, ?, ?)
Hibernate: insert into country_code (code, country, id) values (?, ?, ?)
Hibernate: select countrycod0_.id as id1_0_, countrycod0_.code as code2_0_, countrycod0_.country as country3_0_ from country_code countrycod0_
2020-10-30 11:36:22.592  WARN 9336 --- [    Test worker] JpaBaseConfiguration$JpaWebConfiguration : spring.jpa.open-in-view is enabled by default. Therefore, database queries may be performed during view rendering. Explicitly configure spring.jpa.open-in-view to disable this warning
2020-10-30 11:36:22.784  INFO 9336 --- [    Test worker] o.s.s.concurrent.ThreadPoolTaskExecutor  : Initializing ExecutorService 'applicationTaskExecutor'
2020-10-30 11:36:23.258  INFO 9336 --- [    Test worker] alex.app.ApplicationTest                 : Started ApplicationTest in 7.021 seconds (JVM running for 8.444)
]]></system-out>
  <system-err><![CDATA[]]></system-err>
</testsuite>
