<?xml version="1.0" encoding="UTF-8"?>
<testsuite name="alex.app.service.ApplicationServiceTest" tests="4" skipped="0" failures="0" errors="0" timestamp="2020-10-30T09:36:15" hostname="Alex-PC" time="0.036">
  <properties/>
  <testcase name="testGroupCodesPerCountriesGivesSameAmountOfElementsOnValidInput" classname="alex.app.service.ApplicationServiceTest" time="0.026"/>
  <testcase name="testFilterAndSplitCodes" classname="alex.app.service.ApplicationServiceTest" time="0.002"/>
  <testcase name="testFindCountryByPrefixCalledOnceWhenTheCountryFound" classname="alex.app.service.ApplicationServiceTest" time="0.007"/>
  <testcase name="testFindCountryByPrefixCalledTillRunningOutOfDigits" classname="alex.app.service.ApplicationServiceTest" time="0.001"/>
  <system-out><![CDATA[]]></system-out>
  <system-err><![CDATA[]]></system-err>
</testsuite>
